begin -> (-1, -1)
number -> (-1, -1)
identifier -> (14, 0)
; -> (-1, -1)
cread -> (-1, -1)
( -> (-1, -1)
number -> (-1, -1)
) -> (-1, -1)
; -> (-1, -1)
number -> (-1, -1)
identifier -> (3, 0)
; -> (-1, -1)
identifier -> (3, 0)
= -> (-1, -1)
const -> (1, 0)
; -> (-1, -1)
if -> (-1, -1)
( -> (-1, -1)
identifier -> (14, 0)
< -> (-1, -1)
const -> (2, 0)
or -> (-1, -1)
identifier -> (14, 0)
> -> (-1, -1)
const -> (2, 0)
and -> (-1, -1)
identifier -> (14, 0)
% -> (-1, -1)
const -> (2, 0)
== -> (-1, -1)
const -> (0, 0)
) -> (-1, -1)
{ -> (-1, -1)
identifier -> (3, 0)
= -> (-1, -1)
const -> (0, 0)
; -> (-1, -1)
} -> (-1, -1)
foreach -> (-1, -1)
( -> (-1, -1)
identifier -> (1, 1)
= -> (-1, -1)
const -> (3, 1)
; -> (-1, -1)
identifier -> (1, 1)
* -> (-1, -1)
identifier -> (1, 1)
<= -> (-1, -1)
identifier -> (11, 0)
; -> (-1, -1)
identifier -> (1, 1)
= -> (-1, -1)
identifier -> (1, 1)
+ -> (-1, -1)
const -> (2, 0)
) -> (-1, -1)
{ -> (-1, -1)
if -> (-1, -1)
( -> (-1, -1)
identifier -> (14, 0)
% -> (-1, -1)
identifier -> (1, 1)
== -> (-1, -1)
const -> (0, 0)
) -> (-1, -1)
{ -> (-1, -1)
identifier -> (3, 0)
= -> (-1, -1)
const -> (0, 0)
; -> (-1, -1)
} -> (-1, -1)
} -> (-1, -1)
if -> (-1, -1)
( -> (-1, -1)
identifier -> (3, 0)
== -> (-1, -1)
const -> (1, 0)
) -> (-1, -1)
{ -> (-1, -1)
cwrite -> (-1, -1)
( -> (-1, -1)
const -> (11, 1)
) -> (-1, -1)
; -> (-1, -1)
} -> (-1, -1)
else -> (-1, -1)
{ -> (-1, -1)
cwrite -> (-1, -1)
( -> (-1, -1)
const -> (13, 0)
) -> (-1, -1)
; -> (-1, -1)
} -> (-1, -1)
end -> (-1, -1)
